<?xml version="1.0" encoding="UTF-8"?>
<testng-results ignored="0" total="1" passed="1" failed="0" skipped="0">
  <reporter-output>
  </reporter-output>
  <suite started-at="2024-12-24T12:47:48 IST" name="Suite" finished-at="2024-12-24T12:47:56 IST" duration-ms="7980">
    <groups>
    </groups>
    <test started-at="2024-12-24T12:47:48 IST" name="Test" finished-at="2024-12-24T12:47:56 IST" duration-ms="7980">
      <class name="LaunchUltima.E2E">
        <test-method signature="test()[pri:0, instance:LaunchUltima.E2E@31368b99]" started-at="2024-12-24T12:47:48 IST" name="test" finished-at="2024-12-24T12:47:56 IST" duration-ms="7923" status="PASS">
          <reporter-output>
          </reporter-output>
        </test-method> <!-- test -->
      </class> <!-- LaunchUltima.E2E -->
    </test> <!-- Test -->
  </suite> <!-- Suite -->
</testng-results>
